<?xml version="1.0" encoding="UTF-8"?>
<!-- Generated by org.testng.reporters.JUnitXMLReporter -->
<testsuite ignored="0" hostname="GS-5823" failures="1" tests="4" name="Login" time="24.443" errors="0" timestamp="2023-05-03T12:31:23 IST">
  <testcase classname="smtech.test.LoginPageTest" name="PasswordFieldErrorValidationTest" time="0.231"/>
  <testcase classname="smtech.test.LoginPageTest" name="EmailFieldErrorValidationTest" time="0.303"/>
  <testcase classname="smtech.test.LoginPageTest" name="InvalidLoginValidationTest" time="0.334">
    <failure type="java.lang.NullPointerException" message="Cannot invoke &amp;quot;org.openqa.selenium.support.ui.WebDriverWait.until(java.util.function.Function)&amp;quot; because &amp;quot;this.wait&amp;quot; is null">
      <![CDATA[java.lang.NullPointerException: Cannot invoke "org.openqa.selenium.support.ui.WebDriverWait.until(java.util.function.Function)" because "this.wait" is null
at smtech.utility.Utility.FindEleVisibilityOf(Utility.java:24)
at smtech.PageObjects.LoginPageObj.InvalidLoginValidation(LoginPageObj.java:70)
at smtech.test.LoginPageTest.InvalidLoginValidationTest(LoginPageTest.java:25)
at java.base/java.util.ArrayList.forEach(ArrayList.java:1511)
... Removed 31 stack frames]]>
    </failure>
  </testcase> <!-- InvalidLoginValidationTest -->
  <testcase classname="smtech.test.LoginPageTest" name="LoginTest" time="0.41"/>
</testsuite> <!-- Login -->
